12.000 12.000
25.690 35.302
17.071 27.071
17.071 27.071
17.071 27.071
43.456 49.113
44.760 57.239
369.146 393.534
154.172 496.681
485.519 567.541
312.002 584.869
475.233 539.916
389.410 525.127
456.573 617.485
443.083 530.910
407.064 576.465
513.983 548.114
56.760 605.575
402.906 514.126
409.718 572.476
439.106 492.762
525.728 529.495
460.001 601.792
433.061 506.358
443.788 541.019
416.193 627.500
403.248 559.087
400.401 569.206
398.404 629.253
398.404 629.253
398.404 629.253
398.404 629.253
398.404 629.253
398.404 629.253
398.404 629.253
398.404 629.253
398.404 629.253
398.404 629.253
29.002 98.910
29.002 98.910
29.002 98.910
3.067 117.491